[11-11-2023 14:52:18.738 INFO com.nopcommerce.users.Level_16_Log] - Register - Step 01: Verify Register link is displayed
[11-11-2023 14:52:18.831 INFO com.nopcommerce.users.Level_16_Log] - ------------------ FAILED ------------------
[11-11-2023 14:52:18.832 INFO com.nopcommerce.users.Level_16_Log] - Register - Step 02: Click To Register Link
[11-11-2023 14:52:20.053 INFO com.nopcommerce.users.Level_16_Log] - Register - Step 03: Click Register Button
[11-11-2023 14:52:20.406 INFO com.nopcommerce.users.Level_16_Log] - Register - Step 04: Verify error message at 'FirtName' Textbox is 'First name is required.'
[11-11-2023 14:52:20.442 INFO com.nopcommerce.users.Level_16_Log] - ------------------ FAILED ------------------
[11-11-2023 14:52:20.443 INFO com.nopcommerce.users.Level_16_Log] - Register - Step 05: Verify error message at 'Email' Textbox is 'Email is required.'
[11-11-2023 14:52:20.479 INFO com.nopcommerce.users.Level_16_Log] - ------------------ PASSED ------------------
[11-11-2023 14:52:20.484 INFO com.nopcommerce.users.Level_16_Log] - Register - Step 01: Enter to 'FirstName' Textbox is John
[11-11-2023 14:52:21.258 INFO com.nopcommerce.users.Level_16_Log] - Register - Step 02: Enter to 'LastName' Textbox is Wick
[11-11-2023 14:52:21.327 INFO com.nopcommerce.users.Level_16_Log] - Register - Step 03: Enter to 'Email' Textbox is johnwick956@gmail.com
[11-11-2023 14:52:21.390 INFO com.nopcommerce.users.Level_16_Log] - Register - Step 04: Enter to 'Password' Textbox
[11-11-2023 14:52:21.453 INFO com.nopcommerce.users.Level_16_Log] - Register - Step 05: Enter to 'ConfirmPassword' Textbox
[11-11-2023 14:52:21.522 INFO com.nopcommerce.users.Level_16_Log] - Register - Step 06: Click Register Button
[11-11-2023 14:52:22.305 INFO com.nopcommerce.users.Level_16_Log] - Register - Step 07: Verify success message register is displayed
[11-11-2023 14:52:22.357 INFO com.nopcommerce.users.Level_16_Log] - ------------------ FAILED ------------------
[11-11-2023 14:52:26.403 INFO com.nopcommerce.users.Level_16_Log] - Register - Step 01: Verify Register link is displayed
[11-11-2023 14:52:26.494 INFO com.nopcommerce.users.Level_16_Log] - ------------------ FAILED ------------------
[11-11-2023 14:52:26.495 INFO com.nopcommerce.users.Level_16_Log] - Register - Step 02: Click To Register Link
[11-11-2023 14:52:27.627 INFO com.nopcommerce.users.Level_16_Log] - Register - Step 03: Click Register Button
[11-11-2023 14:52:27.765 INFO com.nopcommerce.users.Level_16_Log] - Register - Step 04: Verify error message at 'FirtName' Textbox is 'First name is required.'
[11-11-2023 14:52:27.833 INFO com.nopcommerce.users.Level_16_Log] - ------------------ FAILED ------------------
[11-11-2023 14:52:27.834 INFO com.nopcommerce.users.Level_16_Log] - Register - Step 05: Verify error message at 'Email' Textbox is 'Email is required.'
[11-11-2023 14:52:27.892 INFO com.nopcommerce.users.Level_16_Log] - ------------------ PASSED ------------------
[11-11-2023 14:52:27.895 INFO com.nopcommerce.users.Level_16_Log] - Register - Step 01: Enter to 'FirstName' Textbox is John
[11-11-2023 14:52:28.467 INFO com.nopcommerce.users.Level_16_Log] - Register - Step 02: Enter to 'LastName' Textbox is Wick
[11-11-2023 14:52:28.623 INFO com.nopcommerce.users.Level_16_Log] - Register - Step 03: Enter to 'Email' Textbox is johnwick4501@gmail.com
[11-11-2023 14:52:28.787 INFO com.nopcommerce.users.Level_16_Log] - Register - Step 04: Enter to 'Password' Textbox
[11-11-2023 14:52:28.944 INFO com.nopcommerce.users.Level_16_Log] - Register - Step 05: Enter to 'ConfirmPassword' Textbox
[11-11-2023 14:52:29.090 INFO com.nopcommerce.users.Level_16_Log] - Register - Step 06: Click Register Button
[11-11-2023 14:52:30.485 INFO com.nopcommerce.users.Level_16_Log] - Register - Step 07: Verify success message register is displayed
[11-11-2023 14:52:30.548 INFO com.nopcommerce.users.Level_16_Log] - ------------------ FAILED ------------------
[11-11-2023 14:52:34.528 INFO com.nopcommerce.users.Level_16_Log] - Register - Step 01: Verify Register link is displayed
[11-11-2023 14:52:34.603 INFO com.nopcommerce.users.Level_16_Log] - ------------------ FAILED ------------------
[11-11-2023 14:52:34.604 INFO com.nopcommerce.users.Level_16_Log] - Register - Step 02: Click To Register Link
[11-11-2023 14:52:35.196 INFO com.nopcommerce.users.Level_16_Log] - Register - Step 03: Click Register Button
[11-11-2023 14:52:35.330 INFO com.nopcommerce.users.Level_16_Log] - Register - Step 04: Verify error message at 'FirtName' Textbox is 'First name is required.'
[11-11-2023 14:52:35.399 INFO com.nopcommerce.users.Level_16_Log] - ------------------ FAILED ------------------
[11-11-2023 14:52:35.400 INFO com.nopcommerce.users.Level_16_Log] - Register - Step 05: Verify error message at 'Email' Textbox is 'Email is required.'
[11-11-2023 14:52:35.457 INFO com.nopcommerce.users.Level_16_Log] - ------------------ PASSED ------------------
[11-11-2023 14:52:35.461 INFO com.nopcommerce.users.Level_16_Log] - Register - Step 01: Enter to 'FirstName' Textbox is John
[11-11-2023 14:52:36.634 INFO com.nopcommerce.users.Level_16_Log] - Register - Step 02: Enter to 'LastName' Textbox is Wick
[11-11-2023 14:52:36.804 INFO com.nopcommerce.users.Level_16_Log] - Register - Step 03: Enter to 'Email' Textbox is johnwick1538@gmail.com
[11-11-2023 14:52:36.989 INFO com.nopcommerce.users.Level_16_Log] - Register - Step 04: Enter to 'Password' Textbox
[11-11-2023 14:52:37.138 INFO com.nopcommerce.users.Level_16_Log] - Register - Step 05: Enter to 'ConfirmPassword' Textbox
[11-11-2023 14:52:37.284 INFO com.nopcommerce.users.Level_16_Log] - Register - Step 06: Click Register Button
[11-11-2023 14:52:38.170 INFO com.nopcommerce.users.Level_16_Log] - Register - Step 07: Verify success message register is displayed
[11-11-2023 14:52:38.223 INFO com.nopcommerce.users.Level_16_Log] - ------------------ FAILED ------------------
