[11-11-2023 22:47:40.045 INFO com.nopcommerce.users.Level_17_ReportNG] - Register - Step 01: Verify Register link is displayed
[11-11-2023 22:47:40.207 INFO com.nopcommerce.users.Level_17_ReportNG] - ------------------ FAILED ------------------
[11-11-2023 22:47:40.208 INFO com.nopcommerce.users.Level_17_ReportNG] - Register - Step 02: Click To Register Link
[11-11-2023 22:47:43.117 INFO com.nopcommerce.users.Level_17_ReportNG] - Register - Step 03: Click Register Button
[11-11-2023 22:47:43.469 INFO com.nopcommerce.users.Level_17_ReportNG] - Register - Step 04: Verify error message at 'FirtName' Textbox is 'First name is required.'
[11-11-2023 22:47:43.544 INFO com.nopcommerce.users.Level_17_ReportNG] - ------------------ FAILED ------------------
[11-11-2023 22:47:43.545 INFO com.nopcommerce.users.Level_17_ReportNG] - Register - Step 05: Verify error message at 'Email' Textbox is 'Email is required.'
[11-11-2023 22:47:43.593 INFO com.nopcommerce.users.Level_17_ReportNG] - ------------------ PASSED ------------------
[11-11-2023 22:47:43.699 INFO com.nopcommerce.users.Level_17_ReportNG] - Register - Step 01: Enter to 'FirstName' Textbox is John
[11-11-2023 22:47:49.074 INFO com.nopcommerce.users.Level_17_ReportNG] - Register - Step 02: Enter to 'LastName' Textbox is Wick
[11-11-2023 22:47:49.151 INFO com.nopcommerce.users.Level_17_ReportNG] - Register - Step 03: Enter to 'Email' Textbox is johnwick897@gmail.com
[11-11-2023 22:47:49.228 INFO com.nopcommerce.users.Level_17_ReportNG] - Register - Step 04: Enter to 'Password' Textbox
[11-11-2023 22:47:49.309 INFO com.nopcommerce.users.Level_17_ReportNG] - Register - Step 05: Enter to 'ConfirmPassword' Textbox
[11-11-2023 22:47:49.377 INFO com.nopcommerce.users.Level_17_ReportNG] - Register - Step 06: Click Register Button
[11-11-2023 22:47:52.143 INFO com.nopcommerce.users.Level_17_ReportNG] - Register - Step 07: Verify success message register is displayed
[11-11-2023 22:47:52.224 INFO com.nopcommerce.users.Level_17_ReportNG] - ------------------ FAILED ------------------
[11-11-2023 22:48:12.879 INFO com.nopcommerce.users.Level_17_ReportNG] - Register - Step 01: Verify Register link is displayed
[11-11-2023 22:48:13.025 INFO com.nopcommerce.users.Level_17_ReportNG] - ------------------ FAILED ------------------
[11-11-2023 22:48:13.026 INFO com.nopcommerce.users.Level_17_ReportNG] - Register - Step 02: Click To Register Link
[11-11-2023 22:48:15.493 INFO com.nopcommerce.users.Level_17_ReportNG] - Register - Step 03: Click Register Button
[11-11-2023 22:48:15.669 INFO com.nopcommerce.users.Level_17_ReportNG] - Register - Step 04: Verify error message at 'FirtName' Textbox is 'First name is required.'
[11-11-2023 22:48:15.761 INFO com.nopcommerce.users.Level_17_ReportNG] - ------------------ FAILED ------------------
[11-11-2023 22:48:15.762 INFO com.nopcommerce.users.Level_17_ReportNG] - Register - Step 05: Verify error message at 'Email' Textbox is 'Email is required.'
[11-11-2023 22:48:15.840 INFO com.nopcommerce.users.Level_17_ReportNG] - ------------------ PASSED ------------------
[11-11-2023 22:48:16.030 INFO com.nopcommerce.users.Level_17_ReportNG] - Register - Step 01: Enter to 'FirstName' Textbox is John
[11-11-2023 22:48:17.733 INFO com.nopcommerce.users.Level_17_ReportNG] - Register - Step 02: Enter to 'LastName' Textbox is Wick
[11-11-2023 22:48:17.979 INFO com.nopcommerce.users.Level_17_ReportNG] - Register - Step 03: Enter to 'Email' Textbox is johnwick946@gmail.com
[11-11-2023 22:48:18.224 INFO com.nopcommerce.users.Level_17_ReportNG] - Register - Step 04: Enter to 'Password' Textbox
[11-11-2023 22:48:18.444 INFO com.nopcommerce.users.Level_17_ReportNG] - Register - Step 05: Enter to 'ConfirmPassword' Textbox
[11-11-2023 22:48:18.685 INFO com.nopcommerce.users.Level_17_ReportNG] - Register - Step 06: Click Register Button
[11-11-2023 22:48:19.871 INFO com.nopcommerce.users.Level_17_ReportNG] - Register - Step 07: Verify success message register is displayed
[11-11-2023 22:48:19.947 INFO com.nopcommerce.users.Level_17_ReportNG] - ------------------ FAILED ------------------
